c:\users\alumnos\documents\repos_git\openglcomgraph0-20250730t231048z-1-001\openglcomgraph0\plane\x64\debug\vc143.pdb
c:\users\alumnos\documents\repos_git\openglcomgraph0-20250730t231048z-1-001\openglcomgraph0\plane\x64\debug\vc143.idb
c:\users\alumnos\documents\repos_git\openglcomgraph0-20250730t231048z-1-001\openglcomgraph0\plane\x64\debug\plane.obj
c:\users\alumnos\documents\repos_git\openglcomgraph0-20250730t231048z-1-001\openglcomgraph0\plane\x64\debug\application.obj
c:\users\alumnos\documents\repos_git\openglcomgraph0-20250730t231048z-1-001\openglcomgraph0\plane\x64\debug\glad.obj
c:\users\alumnos\documents\repos_git\openglcomgraph0-20250730t231048z-1-001\openglcomgraph0\plane\x64\debug\helloplane.obj
c:\users\alumnos\documents\repos_git\openglcomgraph0-20250730t231048z-1-001\openglcomgraph0\x64\debug\plane.pdb
c:\users\alumnos\documents\repos_git\openglcomgraph0-20250730t231048z-1-001\openglcomgraph0\plane\x64\debug\plane.tlog\cl.command.1.tlog
c:\users\alumnos\documents\repos_git\openglcomgraph0-20250730t231048z-1-001\openglcomgraph0\plane\x64\debug\plane.tlog\cl.read.1.tlog
c:\users\alumnos\documents\repos_git\openglcomgraph0-20250730t231048z-1-001\openglcomgraph0\plane\x64\debug\plane.tlog\cl.write.1.tlog
c:\users\alumnos\documents\repos_git\openglcomgraph0-20250730t231048z-1-001\openglcomgraph0\plane\x64\debug\plane.tlog\link-cvtres.read.1.tlog
c:\users\alumnos\documents\repos_git\openglcomgraph0-20250730t231048z-1-001\openglcomgraph0\plane\x64\debug\plane.tlog\link-cvtres.write.1.tlog
c:\users\alumnos\documents\repos_git\openglcomgraph0-20250730t231048z-1-001\openglcomgraph0\plane\x64\debug\plane.tlog\link-rc.read.1.tlog
c:\users\alumnos\documents\repos_git\openglcomgraph0-20250730t231048z-1-001\openglcomgraph0\plane\x64\debug\plane.tlog\link-rc.write.1.tlog
c:\users\alumnos\documents\repos_git\openglcomgraph0-20250730t231048z-1-001\openglcomgraph0\plane\x64\debug\plane.tlog\link.command.1.tlog
c:\users\alumnos\documents\repos_git\openglcomgraph0-20250730t231048z-1-001\openglcomgraph0\plane\x64\debug\plane.tlog\link.read.1.tlog
c:\users\alumnos\documents\repos_git\openglcomgraph0-20250730t231048z-1-001\openglcomgraph0\plane\x64\debug\plane.tlog\link.read.2.tlog
c:\users\alumnos\documents\repos_git\openglcomgraph0-20250730t231048z-1-001\openglcomgraph0\plane\x64\debug\plane.tlog\link.read.3.tlog
c:\users\alumnos\documents\repos_git\openglcomgraph0-20250730t231048z-1-001\openglcomgraph0\plane\x64\debug\plane.tlog\link.read.4.tlog
c:\users\alumnos\documents\repos_git\openglcomgraph0-20250730t231048z-1-001\openglcomgraph0\plane\x64\debug\plane.tlog\link.read.5.tlog
c:\users\alumnos\documents\repos_git\openglcomgraph0-20250730t231048z-1-001\openglcomgraph0\plane\x64\debug\plane.tlog\link.write.1.tlog
